<?xml version="1.0" encoding="UTF-8"?>
<!-- Generated by org.testng.reporters.JUnitReportReporter -->
<testsuite hostname="INDSIMRANM-L2" failures="0" tests="2" name="com.MyTest.GetData" time="0.008" errors="0" timestamp="2025-02-19T23:21:50 IST" skipped="0">
  <testcase classname="com.MyTest.GetData" name="getData" time="0.007"/>
  <testcase classname="com.MyTest.GetData" name="getData" time="0.001"/>
</testsuite> <!-- com.MyTest.GetData -->
