<?xml version="1.0" encoding="UTF-8"?>
<!-- Generated by org.testng.reporters.JUnitReportReporter -->
<testsuite hostname="INDSIMRANM-L2" failures="0" tests="1" name="com.SeleniumAssignment.RegistrationForm" time="2.804" errors="0" timestamp="2025-02-23T20:37:29 IST" skipped="0">
  <testcase classname="com.SeleniumAssignment.RegistrationForm" name="submitDetails" time="2.804"/>
</testsuite> <!-- com.SeleniumAssignment.RegistrationForm -->
