<?xml version="1.0" encoding="UTF-8"?>
<!-- Generated by org.testng.reporters.JUnitReportReporter -->
<testsuite hostname="INDSIMRANM-L2" failures="0" tests="1" name="com.SeleniumAssignment.Screenshot" time="0.187" errors="0" timestamp="2025-02-23T19:49:38 IST" skipped="0">
  <testcase classname="com.SeleniumAssignment.Screenshot" name="takeScreenshot" time="0.187"/>
</testsuite> <!-- com.SeleniumAssignment.Screenshot -->
