<?xml version="1.0" encoding="UTF-8"?>
<!-- Generated by org.testng.reporters.JUnitReportReporter -->
<testsuite hostname="INDSIMRANM-L3" failures="0" tests="5" name="com.TestSuite.OHRM_PomModel" time="9.615" errors="0" timestamp="2025-05-04T19:06:30 IST" skipped="0">
  <testcase classname="com.TestSuite.OHRM_PomModel" name="CheckLogin" time="3.255"/>
  <testcase classname="com.TestSuite.OHRM_PomModel" name="printSideMenusandCount" time="1.769"/>
  <testcase classname="com.TestSuite.OHRM_PomModel" name="byUserName" time="1.523"/>
  <testcase classname="com.TestSuite.OHRM_PomModel" name="byUserRole" time="2.002"/>
  <testcase classname="com.TestSuite.OHRM_PomModel" name="byUserStatus" time="1.066"/>
</testsuite> <!-- com.TestSuite.OHRM_PomModel -->
