<?xml version="1.0" encoding="UTF-8"?>
<!-- Generated by org.testng.reporters.JUnitReportReporter -->
<testsuite hostname="INDSIMRANM-L2" failures="0" tests="1" name="com.TestNGDemos.propertiesXpathRead" time="2.316" errors="0" timestamp="2025-02-15T17:45:05 IST" skipped="0">
  <testcase classname="com.TestNGDemos.propertiesXpathRead" name="Test" time="2.316"/>
</testsuite> <!-- com.TestNGDemos.propertiesXpathRead -->
