<?xml version="1.0" encoding="UTF-8"?>
<!-- Generated by org.testng.reporters.JUnitReportReporter -->
<testsuite hostname="INDSIMRANM-L2" failures="0" tests="1" name="com.TestNGDemos.ReadNumericData" time="0.062" errors="0" timestamp="2025-02-18T21:55:36 IST" skipped="0">
  <testcase classname="com.TestNGDemos.ReadNumericData" name="readData" time="0.062"/>
</testsuite> <!-- com.TestNGDemos.ReadNumericData -->
