<?xml version="1.0" encoding="UTF-8"?>
<!-- Generated by org.testng.reporters.JUnitReportReporter -->
<testsuite hostname="INDSIMRANM-L2" failures="0" tests="1" name="com.TestNGDemos.ReadDataFromExcel" time="0.017" errors="0" timestamp="2025-02-17T20:31:49 IST" skipped="0">
  <testcase classname="com.TestNGDemos.ReadDataFromExcel" name="readFromExcel" time="0.017"/>
</testsuite> <!-- com.TestNGDemos.ReadDataFromExcel -->
