<?xml version="1.0" encoding="UTF-8"?>
<!-- Generated by org.testng.reporters.JUnitReportReporter -->
<testsuite hostname="INDSIMRANM-L2" failures="0" tests="4" name="com.TestNGDemos.WriteToExcel1" time="0.034" errors="0" timestamp="2025-02-17T00:22:49 IST" skipped="0">
  <testcase classname="com.TestNGDemos.WriteToExcel1" name="writeExcel" time="0.006"/>
  <testcase classname="com.TestNGDemos.WriteToExcel1" name="writeExcel" time="0.012"/>
  <testcase classname="com.TestNGDemos.WriteToExcel1" name="writeExcel" time="0.005"/>
  <testcase classname="com.TestNGDemos.WriteToExcel1" name="writeExcel" time="0.011"/>
</testsuite> <!-- com.TestNGDemos.WriteToExcel1 -->
