<?xml version="1.0" encoding="UTF-8"?>
<!-- Generated by org.testng.reporters.JUnitReportReporter -->
<testsuite hostname="INDSIMRANM-L2" failures="0" tests="4" name="com.TestNGDemos.ReadWriteToExcel" time="10.893" errors="0" timestamp="2025-02-24T23:56:40 IST" skipped="0">
  <testcase classname="com.TestNGDemos.ReadWriteToExcel" name="loginOHRM" time="5.212"/>
  <system-out/>
  <testcase classname="com.TestNGDemos.ReadWriteToExcel" name="loginOHRM" time="2.029"/>
  <system-out/>
  <testcase classname="com.TestNGDemos.ReadWriteToExcel" name="loginOHRM" time="1.743"/>
  <system-out/>
  <testcase classname="com.TestNGDemos.ReadWriteToExcel" name="loginOHRM" time="1.909"/>
  <system-out/>
</testsuite> <!-- com.TestNGDemos.ReadWriteToExcel -->
