<?xml version="1.0" encoding="UTF-8"?>
<!-- Generated by org.testng.reporters.JUnitReportReporter -->
<testsuite hostname="INDSIMRANM-L2" failures="0" tests="4" name="com.TestNGDemos.AssignmentWriteToExcel" time="0.017" errors="0" timestamp="2025-02-17T23:21:15 IST" skipped="0">
  <testcase classname="com.TestNGDemos.AssignmentWriteToExcel" name="writeExcel" time="0.004"/>
  <testcase classname="com.TestNGDemos.AssignmentWriteToExcel" name="writeExcel" time="0.003"/>
  <testcase classname="com.TestNGDemos.AssignmentWriteToExcel" name="writeExcel" time="0.003"/>
  <testcase classname="com.TestNGDemos.AssignmentWriteToExcel" name="writeExcel" time="0.007"/>
</testsuite> <!-- com.TestNGDemos.AssignmentWriteToExcel -->
