<?xml version="1.0" encoding="UTF-8"?>
<!-- Generated by org.testng.reporters.JUnitReportReporter -->
<testsuite hostname="INDSIMRANM-L2" failures="0" tests="1" name="com.TestNGDemos.WriteToExcel" time="0.091" errors="0" timestamp="2025-02-16T22:43:08 IST" skipped="0">
  <testcase classname="com.TestNGDemos.WriteToExcel" name="writeData" time="0.091"/>
</testsuite> <!-- com.TestNGDemos.WriteToExcel -->
