<?xml version="1.0" encoding="UTF-8"?>
<!-- Generated by org.testng.reporters.JUnitReportReporter -->
<testsuite hostname="INDSIMRANM-L2" failures="0" tests="6" name="com.TestNGDemos.ReadDifferentCellTypes" time="0.133" errors="0" timestamp="2025-02-18T22:46:18 IST" skipped="0">
  <testcase classname="com.TestNGDemos.ReadDifferentCellTypes" name="writeDifferentCellTypes" time="0.071"/>
  <testcase classname="com.TestNGDemos.ReadDifferentCellTypes" name="writeDifferentCellTypes" time="0.004"/>
  <testcase classname="com.TestNGDemos.ReadDifferentCellTypes" name="writeDifferentCellTypes" time="0.004"/>
  <testcase classname="com.TestNGDemos.ReadDifferentCellTypes" name="writeDifferentCellTypes" time="0.043"/>
  <testcase classname="com.TestNGDemos.ReadDifferentCellTypes" name="writeDifferentCellTypes" time="0.004"/>
  <testcase classname="com.TestNGDemos.ReadDifferentCellTypes" name="readDifferentCellTypes" time="0.007"/>
</testsuite> <!-- com.TestNGDemos.ReadDifferentCellTypes -->
