<?xml version="1.0" encoding="UTF-8"?>
<!-- Generated by org.testng.reporters.JUnitReportReporter -->
<testsuite hostname="INDSIMRANM-L2" failures="0" tests="1" name="com.TestNGDemos.Assignment01" time="49.675" errors="0" timestamp="2025-02-12T21:36:59 IST" skipped="0">
  <testcase classname="com.TestNGDemos.Assignment01" name="ClickOnMobiles" time="49.675"/>
</testsuite> <!-- com.TestNGDemos.Assignment01 -->
