<?xml version="1.0" encoding="UTF-8"?>
<!-- Generated by org.testng.reporters.JUnitReportReporter -->
<testsuite hostname="INDSIMRANM-L2" failures="0" tests="4" name="com.TestNGDemos.BM_AM" time="32.891" errors="0" timestamp="2025-02-19T23:23:20 IST" skipped="0">
  <testcase classname="com.TestNGDemos.BM_AM" name="TestHM" time="23.570"/>
  <system-out/>
  <testcase classname="com.TestNGDemos.BM_AM" name="TestAmazon" time="2.372"/>
  <system-out/>
  <testcase classname="com.TestNGDemos.BM_AM" name="TestMyntra" time="3.312"/>
  <system-out/>
  <testcase classname="com.TestNGDemos.BM_AM" name="TestUrbanic" time="3.637"/>
  <system-out/>
</testsuite> <!-- com.TestNGDemos.BM_AM -->
