<?xml version="1.0" encoding="UTF-8"?>
<!-- Generated by org.testng.reporters.JUnitReportReporter -->
<testsuite hostname="INDSIMRANM-L2" failures="0" tests="2" name="com.TestNGDemos.POM_clientClass" time="15.881" errors="0" timestamp="2025-02-16T00:52:56 IST" skipped="0">
  <testcase classname="com.TestNGDemos.POM_clientClass" name="loginlogout" time="5.925"/>
  <testcase classname="com.TestNGDemos.POM_clientClass" name="loginlogout" time="9.956"/>
</testsuite> <!-- com.TestNGDemos.POM_clientClass -->
