<?xml version="1.0" encoding="UTF-8"?>
<!-- Generated by org.testng.reporters.JUnitReportReporter -->
<testsuite hostname="INDSIMRANM-L2" failures="0" tests="4" name="com.TestNGDemos.D02ShoppinApp" time="30.856" errors="0" timestamp="2025-02-12T23:55:21 IST" skipped="0">
  <testcase classname="com.TestNGDemos.D02ShoppinApp" name="TestHM" time="4.623"/>
  <testcase classname="com.TestNGDemos.D02ShoppinApp" name="TestAmazon" time="4.610"/>
  <testcase classname="com.TestNGDemos.D02ShoppinApp" name="TestMyntra" time="10.742"/>
  <testcase classname="com.TestNGDemos.D02ShoppinApp" name="TestUrbanic" time="10.881"/>
</testsuite> <!-- com.TestNGDemos.D02ShoppinApp -->
