<?xml version="1.0" encoding="UTF-8"?>
<!-- Generated by org.testng.reporters.JUnitReportReporter -->
<testsuite hostname="INDSIMRANM-L2" failures="0" tests="1" name="com.httpMethods.BearerAuthToken" time="4.308" errors="0" timestamp="2025-03-06T21:58:47 IST" skipped="0">
  <testcase classname="com.httpMethods.BearerAuthToken" name="BearerAuthToken" time="4.308"/>
  <system-out/>
</testsuite> <!-- com.httpMethods.BearerAuthToken -->
