<?xml version="1.0" encoding="UTF-8"?>
<!-- Generated by org.testng.reporters.JUnitReportReporter -->
<testsuite hostname="INDSIMRANM-L2" failures="0" tests="1" name="com.httpMethods.GetTestAPI" time="2.290" errors="0" timestamp="2025-03-05T23:49:26 IST" skipped="0">
  <testcase classname="com.httpMethods.GetTestAPI" name="getPageResponse" time="2.290"/>
  <system-out/>
</testsuite> <!-- com.httpMethods.GetTestAPI -->
