<?xml version="1.0" encoding="UTF-8"?>
<!-- Generated by org.testng.reporters.JUnitReportReporter -->
<testsuite hostname="INDSIMRANM-L2" failures="0" tests="1" name="com.httpMethods.BasicAuth" time="6.985" errors="0" timestamp="2025-03-06T21:37:56 IST" skipped="0">
  <testcase classname="com.httpMethods.BasicAuth" name="basicAuthentication" time="6.985"/>
  <system-out/>
</testsuite> <!-- com.httpMethods.BasicAuth -->
