<?xml version="1.0" encoding="UTF-8"?>
<!-- Generated by org.testng.reporters.JUnitReportReporter -->
<testsuite hostname="INDSIMRANM-L2" failures="0" tests="1" name="com.httpMethods.QueryParameterTest" time="3.397" errors="0" timestamp="2025-03-05T22:25:00 IST" skipped="0">
  <testcase classname="com.httpMethods.QueryParameterTest" name="queryPathParameter" time="3.397"/>
  <system-out/>
</testsuite> <!-- com.httpMethods.QueryParameterTest -->
