<?xml version="1.0" encoding="UTF-8"?>
<!-- Generated by org.testng.reporters.JUnitReportReporter -->
<testsuite hostname="INDSIMRANM-L2" failures="0" tests="1" name="com.httpMethods.putRequest" time="2.588" errors="0" timestamp="2025-03-06T00:22:10 IST" skipped="0">
  <testcase classname="com.httpMethods.putRequest" name="testPutRequest" time="2.588"/>
  <system-out/>
</testsuite> <!-- com.httpMethods.putRequest -->
