<?xml version="1.0" encoding="UTF-8"?>
<!-- Generated by org.testng.reporters.JUnitReportReporter -->
<testsuite hostname="INDSIMRANM-L2" failures="0" tests="1" name="com.httpMethods.postRequestWithPayloads" time="6.335" errors="0" timestamp="2025-03-05T22:01:26 IST" skipped="0">
  <testcase classname="com.httpMethods.postRequestWithPayloads" name="requestPayloadWithPojoClass" time="6.335"/>
  <system-out/>
</testsuite> <!-- com.httpMethods.postRequestWithPayloads -->
