<?xml version="1.0" encoding="UTF-8"?>
<!-- Generated by org.testng.reporters.JUnitReportReporter -->
<testsuite hostname="INDSIMRANM-L2" failures="0" tests="1" name="com.httpMethods.getHeaders" time="4.277" errors="0" timestamp="2025-03-05T22:34:13 IST" skipped="0">
  <testcase classname="com.httpMethods.getHeaders" name="getSpecificHeaderFromResponse" time="4.277"/>
  <system-out/>
</testsuite> <!-- com.httpMethods.getHeaders -->
