<?xml version="1.0" encoding="UTF-8"?>
<!-- Generated by org.testng.reporters.JUnitReportReporter -->
<testsuite hostname="INDSIMRANM-L2" failures="0" tests="1" name="com.assignment.AssignmentQ2" time="2.288" errors="0" timestamp="2025-03-23T14:12:11 IST" skipped="0">
  <testcase classname="com.assignment.AssignmentQ2" name="CreateUsingPojoClass" time="2.288"/>
  <system-out/>
</testsuite> <!-- com.assignment.AssignmentQ2 -->
